This file contains any messages produced by compilers while
running configure, to aid debugging if configure makes a mistake.

It was created by configure, which was
generated by GNU Autoconf 2.52.20101002.  Invocation command line was

  $ ./configure --prefix=/workspace/software/yacc

## ---------- ##
## Platform.  ##
## ---------- ##

hostname = wudi-macbook-pro.local
uname -m = i386
uname -r = 10.8.0
uname -s = Darwin
uname -v = Darwin Kernel Version 10.8.0: Tue Jun  7 16:33:36 PDT 2011; root:xnu-1504.15.3~1/RELEASE_I386

/usr/bin/uname -p = i386
/bin/uname -X     = unknown

/bin/arch              = unknown
/usr/bin/arch -k       = unknown
/usr/convex/getsysinfo = unknown
hostinfo               = Mach kernel version:
	 Darwin Kernel Version 10.8.0: Tue Jun  7 16:33:36 PDT 2011; root:xnu-1504.15.3~1/RELEASE_I386
Kernel configured for up to 2 processors.
2 processors are physically available.
2 processors are logically available.
Processor type: i486 (Intel 80486)
Processors active: 0 1
Primary memory available: 4.00 gigabytes
Default processor set: 54 tasks, 249 threads, 2 processors
Load average: 0.66, Mach factor: 1.35
/bin/machine           = unknown
/usr/bin/oslevel       = unknown
/bin/universe          = unknown

PATH = /usr/bin:/bin:/usr/sbin:/sbin

## ------------ ##
## Core tests.  ##
## ------------ ##

configure:936: PATH=".;."; conftest.sh
./configure: line 937: conftest.sh: command not found
configure:939: $? = 127
configure:981: checking build system type
configure:999: result: x86_64-apple-darwin10.8.0
configure:1006: checking host system type
configure:1020: result: x86_64-apple-darwin10.8.0
configure:1028: checking target system type
configure:1042: result: x86_64-apple-darwin10.8.0
configure:1073: result: Configuring for darwin10.8.0
configure:1141: checking for gcc
configure:1156: found /usr/bin/gcc
configure:1164: result: gcc
configure:1392: checking for C compiler version
configure:1395: gcc --version </dev/null >&5
i686-apple-darwin10-llvm-gcc-4.2 (GCC) 4.2.1 (Based on Apple Inc. build 5658) (LLVM build 2336.1.00)
Copyright (C) 2007 Free Software Foundation, Inc.
This is free software; see the source for copying conditions.  There is NO
warranty; not even for MERCHANTABILITY or FITNESS FOR A PARTICULAR PURPOSE.

configure:1398: $? = 0
configure:1400: gcc -v </dev/null >&5
Using built-in specs.
Target: i686-apple-darwin10
Configured with: /private/var/tmp/llvmgcc42/llvmgcc42-2336.1~3/src/configure --disable-checking --enable-werror --prefix=/Developer/usr/llvm-gcc-4.2 --mandir=/share/man --enable-languages=c,objc,c++,obj-c++ --program-prefix=llvm- --program-transform-name=/^[cg][^.-]*$/s/$/-4.2/ --with-slibdir=/usr/lib --build=i686-apple-darwin10 --enable-llvm=/private/var/tmp/llvmgcc42/llvmgcc42-2336.1~3/dst-llvmCore/Developer/usr/local --program-prefix=i686-apple-darwin10- --host=x86_64-apple-darwin10 --target=i686-apple-darwin10 --with-gxx-include-dir=/usr/include/c++/4.2.1
Thread model: posix
gcc version 4.2.1 (Based on Apple Inc. build 5658) (LLVM build 2336.1.00)
configure:1403: $? = 0
configure:1405: gcc -V </dev/null >&5
llvm-gcc-4.2: argument to `-V' is missing
configure:1408: $? = 1
configure:1428: checking for C compiler default output
configure:1431: gcc    conftest.c  >&5
configure:1434: $? = 0
configure:1463: result: a.out
configure:1468: checking whether the C compiler works
configure:1474: ./a.out
configure:1477: $? = 0
configure:1492: result: yes
configure:1499: checking whether we are cross compiling
configure:1501: result: no
configure:1504: checking for executable suffix
configure:1506: gcc -o conftest    conftest.c  >&5
configure:1509: $? = 0
configure:1531: result: 
configure:1537: checking for object suffix
configure:1555: gcc -c   conftest.c >&5
configure:1558: $? = 0
configure:1577: result: o
configure:1581: checking whether we are using the GNU C compiler
configure:1602: gcc -c   conftest.c >&5
configure:1605: $? = 0
configure:1608: test -s conftest.o
configure:1611: $? = 0
configure:1623: result: yes
configure:1629: checking whether gcc accepts -g
configure:1647: gcc -c -g  conftest.c >&5
configure:1650: $? = 0
configure:1653: test -s conftest.o
configure:1656: $? = 0
configure:1666: result: yes
configure:1693: gcc -c -gdwarf-2 -g3  conftest.c >&5
conftest.c:2: error: expected '=', ',', ';', 'asm' or '__attribute__' before 'me'
configure:1696: $? = 1
configure: failed program was:
#ifndef __cplusplus
  choke me
#endif
configure:1795: checking for gcc option to accept ANSI C
configure:1852: gcc  -c -gdwarf-2 -g3  conftest.c >&5
configure:1855: $? = 0
configure:1858: test -s conftest.o
configure:1861: $? = 0
configure:1878: result: none needed
configure:1886: checking for an ANSI C-conforming const
configure:1950: gcc -c -gdwarf-2 -g3  conftest.c >&5
configure:1953: $? = 0
configure:1956: test -s conftest.o
configure:1959: $? = 0
configure:1969: result: yes
configure:1979: checking whether make sets ${MAKE}
configure:1999: result: yes
configure:2020: checking for a BSD compatible install
configure:2069: result: /usr/bin/install -c
configure:2080: checking if filesystem supports mixed-case filenames
configure:2107: result: no
configure:2117: checking for exctags
configure:2143: result: no
configure:2117: checking for ctags
configure:2132: found /usr/bin/ctags
configure:2140: result: ctags
configure:2154: checking for exetags
configure:2180: result: no
configure:2154: checking for etags
configure:2169: found /usr/bin/etags
configure:2177: result: etags
configure:2189: checking for ctags
configure:2204: found /usr/bin/ctags
configure:2213: result: yes
configure:2274: checking for tdlint
configure:2300: result: no
configure:2274: checking for lint
configure:2300: result: no
configure:2274: checking for alint
configure:2300: result: no
configure:2274: checking for splint
configure:2300: result: no
configure:2274: checking for lclint
configure:2300: result: no
configure:2313: checking $CC variable
configure:2405: result: ok
configure:2410: checking for gcc option to accept ANSI C
configure:2535: gcc -c -gdwarf-2 -g3   -DCC_HAS_PROTOS conftest.c >&5
configure:2538: $? = 0
configure:2541: test -s conftest.o
configure:2544: $? = 0
configure:2557: result: -DCC_HAS_PROTOS
configure:3829: checking how to run the C preprocessor
configure:3855: gcc -E   -D_DARWIN_C_SOURCE conftest.c
configure:3861: $? = 0
configure:3888: gcc -E   -D_DARWIN_C_SOURCE conftest.c
configure:3885:28: error: ac_nonexistent.h: No such file or directory
configure:3894: $? = 1
configure: failed program was:
#line 3884 "configure"
#include "confdefs.h"
#include <ac_nonexistent.h>
configure:3931: result: gcc -E
configure:3946: gcc -E   -D_DARWIN_C_SOURCE conftest.c
configure:3952: $? = 0
configure:3979: gcc -E   -D_DARWIN_C_SOURCE conftest.c
configure:3976:28: error: ac_nonexistent.h: No such file or directory
configure:3985: $? = 1
configure: failed program was:
#line 3975 "configure"
#include "confdefs.h"
#include <ac_nonexistent.h>
configure:4028: checking for fcntl.h
configure:4038: gcc -E   -D_DARWIN_C_SOURCE conftest.c
configure:4044: $? = 0
configure:4063: result: yes
configure:4076: checking for atexit
configure:4113: gcc -o conftest -gdwarf-2 -g3   -D_DARWIN_C_SOURCE  conftest.c  >&5
configure:4116: $? = 0
configure:4119: test -s conftest
configure:4122: $? = 0
configure:4132: result: yes
configure:4142: checking for working mkstemp
configure:4249: gcc -o conftest -gdwarf-2 -g3   -D_DARWIN_C_SOURCE  conftest.c  >&5
configure:4252: $? = 0
configure:4254: ./conftest
configure:4257: $? = 0
configure:4272: result: yes
configure:4283: checking version of gcc
configure:4287: result: 4.2.1
configure:4293: checking if you want to check for gcc warnings
configure:4303: result: no
configure:4570: checking if you want to see long compiling messages
configure:4604: result: yes
configure:4624: checking if you want to use dmalloc for testing
configure:4640: result: no
configure:4835: checking if you want to use dbmalloc for testing
configure:4851: result: no
configure:5046: checking if you want to use valgrind for testing
configure:5062: result: no
configure:5155: checking if you want to perform memory-leak testing
configure:5165: result: no
configure:5261: creating ./config.status

## ----------------------- ##
## Running config.status.  ##
## ----------------------- ##

This file was extended by config.status 2.52.20101002, executed with
  CONFIG_FILES    = 
  CONFIG_HEADERS  = 
  CONFIG_LINKS    = 
  CONFIG_COMMANDS = 
  > ./config.status 
on wudi-macbook-pro.local

config.status:5728: creating makefile
config.status:5825: creating config.h
config.status:5907: config.h is unchanged

## ----------------- ##
## Cache variables.  ##
## ----------------- ##

ac_cv_build=x86_64-apple-darwin10.8.0
ac_cv_build_alias=x86_64-apple-darwin10.8.0
ac_cv_c_compiler_gnu=yes
ac_cv_c_const=yes
ac_cv_env_CC_set=
ac_cv_env_CC_value=
ac_cv_env_CFLAGS_set=
ac_cv_env_CFLAGS_value=
ac_cv_env_CPPFLAGS_set=
ac_cv_env_CPPFLAGS_value=
ac_cv_env_CPP_set=
ac_cv_env_CPP_value=
ac_cv_env_LDFLAGS_set=
ac_cv_env_LDFLAGS_value=
ac_cv_env_build_alias_set=
ac_cv_env_build_alias_value=
ac_cv_env_host_alias_set=
ac_cv_env_host_alias_value=
ac_cv_env_target_alias_set=
ac_cv_env_target_alias_value=
ac_cv_func_atexit=yes
ac_cv_header_fcntl_h=yes
ac_cv_host=x86_64-apple-darwin10.8.0
ac_cv_host_alias=x86_64-apple-darwin10.8.0
ac_cv_objext=o
ac_cv_path_install='/usr/bin/install -c'
ac_cv_prog_CPP='gcc -E'
ac_cv_prog_CTAGS=ctags
ac_cv_prog_ETAGS=etags
ac_cv_prog_MAKE_LOWER_TAGS=yes
ac_cv_prog_ac_ct_CC=gcc
ac_cv_prog_cc_g=yes
ac_cv_prog_cc_stdc=
ac_cv_prog_make_make_set=yes
ac_cv_target=x86_64-apple-darwin10.8.0
ac_cv_target_alias=x86_64-apple-darwin10.8.0
cf_cv_ansi_cc=-DCC_HAS_PROTOS
cf_cv_func_mkstemp=yes
cf_cv_mixedcase=no
cf_cv_system_name=darwin10.8.0

## ------------ ##
## confdefs.h.  ##
## ------------ ##

#define SYSTEM_NAME "darwin10.8.0"
#define CC_HAS_PROTOS 1
#define HAVE_FCNTL_H 1
#define HAVE_ATEXIT 1
#define HAVE_MKSTEMP 1


configure: exit 0
